<?xml version="1.0" encoding="UTF-8"?>
<!-- Generated by org.testng.reporters.JUnitReportReporter -->
<testsuite hostname="Anwars-Mac-mini.attlocal.net" failures="0" tests="4" name="project2.runners.basicRunner" time="50.230" errors="0" timestamp="2022-10-29T08:37:52 PDT" skipped="0">
  <testcase classname="project2.runners.basicRunner" name="runScenario" time="10.931"/>
  <system-out/>
  <testcase classname="project2.runners.basicRunner" name="runScenario" time="14.570"/>
  <system-out/>
  <testcase classname="project2.runners.basicRunner" name="runScenario" time="10.882"/>
  <system-out/>
  <testcase classname="project2.runners.basicRunner" name="runScenario" time="13.847"/>
  <system-out/>
</testsuite> <!-- project2.runners.basicRunner -->
